<?xml version="1.0" encoding="UTF-8"?>
<coverage generated="1591971748433" clover="3.2.0">
  <project timestamp="1591971748433" name="All files">
    <metrics statements="3" coveredstatements="1" conditionals="0" coveredconditionals="0" methods="1" coveredmethods="0" elements="4" coveredelements="1" complexity="0" loc="3" ncloc="3" packages="1" files="1" classes="1"/>
    <file name="compositekey.ts" path="/mnt/c/Users/thoma/OneDrive/Documents/devel/react-oauth2-hook/src/compositekey.ts">
      <metrics statements="3" coveredstatements="1" conditionals="0" coveredconditionals="0" methods="1" coveredmethods="0"/>
      <line num="9" count="1" type="stmt"/>
      <line num="13" count="0" type="stmt"/>
      <line num="15" count="0" type="stmt"/>
    </file>
  </project>
</coverage>
