{"/mnt/c/Users/thoma/OneDrive/Documents/devel/react-oauth2-hook/src/compositekey.ts": {"path":"/mnt/c/Users/thoma/OneDrive/Documents/devel/react-oauth2-hook/src/compositekey.ts","statementMap":{"0":{"start":{"line":9,"column":13},"end":{"line":16,"column":null}},"1":{"start":{"line":13,"column":8},"end":{"line":13,"column":null}},"2":{"start":{"line":15,"column":8},"end":{"line":15,"column":null}}},"fnMap":{"0":{"name":"(anonymous_0)","decl":{"start":{"line":12,"column":4},"end":{"line":12,"column":5}},"loc":{"start":{"line":12,"column":8},"end":{"line":16,"column":5}}}},"branchMap":{},"s":{"0":1,"1":0,"2":0},"f":{"0":0},"b":{}}
}
